Determining if the pthread_create exist failed with the following output:
Change Dir: /home/sytasch/ROS/2wr/catkin_ws/build/CMakeFiles/CMakeTmp

Run Build Command:"/usr/bin/make" "cmTC_77678/fast"
/usr/bin/make -f CMakeFiles/cmTC_77678.dir/build.make CMakeFiles/cmTC_77678.dir/build
make[1]: Entering directory '/home/sytasch/ROS/2wr/catkin_ws/build/CMakeFiles/CMakeTmp'
Building C object CMakeFiles/cmTC_77678.dir/CheckSymbolExists.c.o
/usr/bin/cc     -o CMakeFiles/cmTC_77678.dir/CheckSymbolExists.c.o   -c /home/sytasch/ROS/2wr/catkin_ws/build/CMakeFiles/CMakeTmp/CheckSymbolExists.c
Linking C executable cmTC_77678
/usr/bin/cmake -E cmake_link_script CMakeFiles/cmTC_77678.dir/link.txt --verbose=1
/usr/bin/cc       CMakeFiles/cmTC_77678.dir/CheckSymbolExists.c.o  -o cmTC_77678 -rdynamic 
CMakeFiles/cmTC_77678.dir/CheckSymbolExists.c.o: In function `main':
CheckSymbolExists.c:(.text+0x16): undefined reference to `pthread_create'
collect2: error: ld returned 1 exit status
CMakeFiles/cmTC_77678.dir/build.make:97: recipe for target 'cmTC_77678' failed
make[1]: *** [cmTC_77678] Error 1
make[1]: Leaving directory '/home/sytasch/ROS/2wr/catkin_ws/build/CMakeFiles/CMakeTmp'
Makefile:126: recipe for target 'cmTC_77678/fast' failed
make: *** [cmTC_77678/fast] Error 2

File /home/sytasch/ROS/2wr/catkin_ws/build/CMakeFiles/CMakeTmp/CheckSymbolExists.c:
/* */
#include <pthread.h>

int main(int argc, char** argv)
{
  (void)argv;
#ifndef pthread_create
  return ((int*)(&pthread_create))[argc];
#else
  (void)argc;
  return 0;
#endif
}

Determining if the function pthread_create exists in the pthreads failed with the following output:
Change Dir: /home/sytasch/ROS/2wr/catkin_ws/build/CMakeFiles/CMakeTmp

Run Build Command:"/usr/bin/make" "cmTC_b1ecb/fast"
/usr/bin/make -f CMakeFiles/cmTC_b1ecb.dir/build.make CMakeFiles/cmTC_b1ecb.dir/build
make[1]: Entering directory '/home/sytasch/ROS/2wr/catkin_ws/build/CMakeFiles/CMakeTmp'
Building C object CMakeFiles/cmTC_b1ecb.dir/CheckFunctionExists.c.o
/usr/bin/cc    -DCHECK_FUNCTION_EXISTS=pthread_create   -o CMakeFiles/cmTC_b1ecb.dir/CheckFunctionExists.c.o   -c /usr/share/cmake-3.5/Modules/CheckFunctionExists.c
Linking C executable cmTC_b1ecb
/usr/bin/cmake -E cmake_link_script CMakeFiles/cmTC_b1ecb.dir/link.txt --verbose=1
/usr/bin/cc   -DCHECK_FUNCTION_EXISTS=pthread_create    CMakeFiles/cmTC_b1ecb.dir/CheckFunctionExists.c.o  -o cmTC_b1ecb -rdynamic -lpthreads 
/usr/bin/ld: cannot find -lpthreads
collect2: error: ld returned 1 exit status
CMakeFiles/cmTC_b1ecb.dir/build.make:97: recipe for target 'cmTC_b1ecb' failed
make[1]: *** [cmTC_b1ecb] Error 1
make[1]: Leaving directory '/home/sytasch/ROS/2wr/catkin_ws/build/CMakeFiles/CMakeTmp'
Makefile:126: recipe for target 'cmTC_b1ecb/fast' failed
make: *** [cmTC_b1ecb/fast] Error 2


